[13:35:23.553] Global cache location '/home/puggi/.cache/typescript/3.8', safe file path '/home/puggi/.npm-global/lib/node_modules/typescript/lib/typingSafeList.json', types map path /home/puggi/.npm-global/lib/node_modules/typescript/lib/typesMap.json
[13:35:23.554] Processing cache location '/home/puggi/.cache/typescript/3.8'
[13:35:23.554] Trying to find '/home/puggi/.cache/typescript/3.8/package.json'...
[13:35:23.555] Loaded content of '/home/puggi/.cache/typescript/3.8/package.json': {"private":true,"dependencies":{"types-registry":"^0.1.481"}}
[13:35:23.555] Loaded content of '/home/puggi/.cache/typescript/3.8/package-lock.json'
[13:35:23.555] Finished processing cache location '/home/puggi/.cache/typescript/3.8'
[13:35:23.555] Process id: 17349
[13:35:23.555] NPM location: /usr/bin/npm (explicit '--npmLocation' not  provided)
[13:35:23.555] validateDefaultNpmLocation: false
[13:35:23.555] Npm config file: /home/puggi/.cache/typescript/3.8/package.json
[13:35:23.555] Updating types-registry npm package...
[13:35:23.555] Exec: /usr/bin/npm install --ignore-scripts types-registry@latest
[13:35:25.71]     Succeeded. stdout:
    + types-registry@0.1.482
    updated 1 package and audited 1 package in 0.711s
found 0 vulnerabilities


[13:35:25.72] Updated types-registry npm package
[13:35:25.91] Got install request {"projectName":"/dev/null/inferredProject1*","fileNames":["/home/puggi/.npm-global/lib/node_modules/typescript/lib/lib.d.ts","/home/puggi/.npm-global/lib/node_modules/typescript/lib/lib.es5.d.ts","/home/puggi/.npm-global/lib/node_modules/typescript/lib/lib.dom.d.ts","/home/puggi/.npm-global/lib/node_modules/typescript/lib/lib.webworker.importscripts.d.ts","/home/puggi/.npm-global/lib/node_modules/typescript/lib/lib.scripthost.d.ts","/home/puggi/Nextcloud/Workspace/Designing_interactions/snowballing/js/my-location.js"],"compilerOptions":{"target":1,"jsx":1,"allowNonTsExtensions":true,"allowJs":true,"noEmitForJsFiles":true,"maxNodeModuleJsDepth":2},"typeAcquisition":{"enable":true,"include":[],"exclude":[]},"unresolvedImports":[],"projectRootPath":"/home/puggi/Nextcloud/Workspace/Designing_interactions/snowballing/js","kind":"discover"}
[13:35:25.114] Loaded safelist from types map file '/home/puggi/.npm-global/lib/node_modules/typescript/lib/typesMap.json'
[13:35:25.115] Explicitly included types: []
[13:35:25.116] Inferred typings from unresolved imports: []
[13:35:25.118] Result: {"cachedTypingPaths":[],"newTypingNames":[],"filesToWatch":["/home/puggi/Nextcloud/Workspace/Designing_interactions/snowballing/js/bower_components","/home/puggi/Nextcloud/Workspace/Designing_interactions/snowballing/js/node_modules"]}
[13:35:25.118] Finished typings discovery: {"cachedTypingPaths":[],"newTypingNames":[],"filesToWatch":["/home/puggi/Nextcloud/Workspace/Designing_interactions/snowballing/js/bower_components","/home/puggi/Nextcloud/Workspace/Designing_interactions/snowballing/js/node_modules"]}
[13:35:25.118] DirectoryWatcher:: Added:: WatchInfo: /home/puggi/Nextcloud/Workspace/Designing_interactions/snowballing/js/bower_components
[13:35:25.120] DirectoryWatcher:: Added:: WatchInfo: /home/puggi/Nextcloud/Workspace/Designing_interactions/snowballing/js/node_modules
[13:35:25.121] Sending response:
    {"projectName":"/dev/null/inferredProject1*","typeAcquisition":{"enable":true,"include":[],"exclude":[]},"compilerOptions":{"target":1,"jsx":1,"allowNonTsExtensions":true,"allowJs":true,"noEmitForJsFiles":true,"maxNodeModuleJsDepth":2},"typings":[],"unresolvedImports":[],"kind":"action::set"}
[13:35:25.121] Response has been sent.
[13:35:25.121] No new typings were requested as a result of typings discovery
[13:37:51.612] Got install request {"projectName":"/dev/null/inferredProject2*","fileNames":["/home/puggi/.npm-global/lib/node_modules/typescript/lib/lib.d.ts","/home/puggi/.npm-global/lib/node_modules/typescript/lib/lib.es5.d.ts","/home/puggi/.npm-global/lib/node_modules/typescript/lib/lib.dom.d.ts","/home/puggi/.npm-global/lib/node_modules/typescript/lib/lib.webworker.importscripts.d.ts","/home/puggi/.npm-global/lib/node_modules/typescript/lib/lib.scripthost.d.ts","/home/puggi/Nextcloud/Workspace/Designing_interactions/snowballing/lib/stamen/tile.stamen.js"],"compilerOptions":{"target":1,"jsx":1,"allowNonTsExtensions":true,"allowJs":true,"noEmitForJsFiles":true,"maxNodeModuleJsDepth":2},"typeAcquisition":{"enable":true,"include":[],"exclude":[]},"unresolvedImports":[],"projectRootPath":"/home/puggi/Nextcloud/Workspace/Designing_interactions/snowballing/lib/stamen","kind":"discover"}
[13:37:51.613] Explicitly included types: []
[13:37:51.614] Inferred typings from unresolved imports: []
[13:37:51.614] Result: {"cachedTypingPaths":[],"newTypingNames":[],"filesToWatch":["/home/puggi/Nextcloud/Workspace/Designing_interactions/snowballing/lib/stamen/bower_components","/home/puggi/Nextcloud/Workspace/Designing_interactions/snowballing/lib/stamen/node_modules"]}
[13:37:51.614] Finished typings discovery: {"cachedTypingPaths":[],"newTypingNames":[],"filesToWatch":["/home/puggi/Nextcloud/Workspace/Designing_interactions/snowballing/lib/stamen/bower_components","/home/puggi/Nextcloud/Workspace/Designing_interactions/snowballing/lib/stamen/node_modules"]}
[13:37:51.614] DirectoryWatcher:: Added:: WatchInfo: /home/puggi/Nextcloud/Workspace/Designing_interactions/snowballing/lib/stamen/bower_components
[13:37:51.614] DirectoryWatcher:: Added:: WatchInfo: /home/puggi/Nextcloud/Workspace/Designing_interactions/snowballing/lib/stamen/node_modules
[13:37:51.614] Sending response:
    {"projectName":"/dev/null/inferredProject2*","typeAcquisition":{"enable":true,"include":[],"exclude":[]},"compilerOptions":{"target":1,"jsx":1,"allowNonTsExtensions":true,"allowJs":true,"noEmitForJsFiles":true,"maxNodeModuleJsDepth":2},"typings":[],"unresolvedImports":[],"kind":"action::set"}
[13:37:51.614] Response has been sent.
[13:37:51.615] No new typings were requested as a result of typings discovery
[14:3:37.556] Got install request {"projectName":"/dev/null/inferredProject3*","fileNames":["/home/puggi/.npm-global/lib/node_modules/typescript/lib/lib.d.ts","/home/puggi/.npm-global/lib/node_modules/typescript/lib/lib.es5.d.ts","/home/puggi/.npm-global/lib/node_modules/typescript/lib/lib.dom.d.ts","/home/puggi/.npm-global/lib/node_modules/typescript/lib/lib.webworker.importscripts.d.ts","/home/puggi/.npm-global/lib/node_modules/typescript/lib/lib.scripthost.d.ts","/home/puggi/Nextcloud/Workspace/Designing_interactions/snowballing/js/non-earth.js"],"compilerOptions":{"target":1,"jsx":1,"allowNonTsExtensions":true,"allowJs":true,"noEmitForJsFiles":true,"maxNodeModuleJsDepth":2},"typeAcquisition":{"enable":true,"include":[],"exclude":[]},"unresolvedImports":[],"projectRootPath":"/home/puggi/Nextcloud/Workspace/Designing_interactions/snowballing/js","kind":"discover"}
[14:3:37.556] Explicitly included types: []
[14:3:37.556] Inferred typings from unresolved imports: []
[14:3:37.556] Result: {"cachedTypingPaths":[],"newTypingNames":[],"filesToWatch":["/home/puggi/Nextcloud/Workspace/Designing_interactions/snowballing/js/bower_components","/home/puggi/Nextcloud/Workspace/Designing_interactions/snowballing/js/node_modules"]}
[14:3:37.557] Finished typings discovery: {"cachedTypingPaths":[],"newTypingNames":[],"filesToWatch":["/home/puggi/Nextcloud/Workspace/Designing_interactions/snowballing/js/bower_components","/home/puggi/Nextcloud/Workspace/Designing_interactions/snowballing/js/node_modules"]}
[14:3:37.557] DirectoryWatcher:: Added:: WatchInfo: /home/puggi/Nextcloud/Workspace/Designing_interactions/snowballing/js/bower_components
[14:3:37.557] DirectoryWatcher:: Added:: WatchInfo: /home/puggi/Nextcloud/Workspace/Designing_interactions/snowballing/js/node_modules
[14:3:37.557] Sending response:
    {"projectName":"/dev/null/inferredProject3*","typeAcquisition":{"enable":true,"include":[],"exclude":[]},"compilerOptions":{"target":1,"jsx":1,"allowNonTsExtensions":true,"allowJs":true,"noEmitForJsFiles":true,"maxNodeModuleJsDepth":2},"typings":[],"unresolvedImports":[],"kind":"action::set"}
[14:3:37.557] Response has been sent.
[14:3:37.557] No new typings were requested as a result of typings discovery
